<?xml version="1.0" encoding="UTF-8"?>
<!-- Generated by org.testng.reporters.JUnitReportReporter -->
<testsuite hostname="DIN73003456A" name="com.webapp.utilities.ExecutionMenu" tests="1" failures="0" timestamp="1 Feb 2019 10:42:03 GMT" time="0.192" errors="0">
  <testcase name="run" time="0.192" classname="com.webapp.utilities.ExecutionMenu"/>
</testsuite> <!-- com.webapp.utilities.ExecutionMenu -->
