<?xml version="1.0" encoding="UTF-8"?>
<!-- Generated by org.testng.reporters.JUnitReportReporter -->
<testsuite hostname="DIN73003182" name="main.runnerTest" tests="1" failures="0" timestamp="31 Jul 2017 07:23:55 GMT" time="39.399" errors="0">
  <testcase name="feature" time="39.399" classname="main.runnerTest"/>
</testsuite> <!-- main.runnerTest -->
