<?xml version="1.0" encoding="UTF-8"?>
<!-- Generated by org.testng.reporters.JUnitReportReporter -->
<testsuite hostname="DIN51002121" name="main.CucumberRunner" tests="3" failures="0" timestamp="6 Jul 2017 13:11:50 GMT" time="1.292" errors="0">
  <testcase name="feature" time="0.758" classname="main.CucumberRunner"/>
  <testcase name="feature" time="0.272" classname="main.CucumberRunner"/>
  <testcase name="feature" time="0.262" classname="main.CucumberRunner"/>
</testsuite> <!-- main.CucumberRunner -->
